  Source.cpp
C:\Users\vip\source\repos\Project11\Source.cpp(33,17): warning C4305: 'initializing': truncation from 'double' to 'GLfloat'
C:\Users\vip\source\repos\Project11\Source.cpp(33,27): warning C4305: 'initializing': truncation from 'double' to 'GLfloat'
C:\Users\vip\source\repos\Project11\Source.cpp(33,37): warning C4305: 'initializing': truncation from 'double' to 'GLfloat'
C:\Users\vip\source\repos\Project11\Source.cpp(38,35): warning C4305: 'initializing': truncation from 'double' to 'GLfloat'
C:\Users\vip\source\repos\Project11\Source.cpp(40,36): warning C4305: 'initializing': truncation from 'double' to 'GLfloat'
C:\Users\vip\source\repos\Project11\Source.cpp(46,26): warning C4244: '=': conversion from 'double' to 'float', possible loss of data
C:\Users\vip\source\repos\Project11\Source.cpp(156,27): warning C4305: '+=': truncation from 'double' to 'float'
C:\Users\vip\source\repos\Project11\Source.cpp(159,27): warning C4305: '-=': truncation from 'double' to 'float'
C:\Users\vip\source\repos\Project11\Source.cpp(162,27): warning C4305: '+=': truncation from 'double' to 'float'
C:\Users\vip\source\repos\Project11\Source.cpp(165,27): warning C4305: '-=': truncation from 'double' to 'float'
C:\Users\vip\source\repos\Project11\Source.cpp(168,16): warning C4305: '=': truncation from 'double' to 'float'
C:\Users\vip\source\repos\Project11\Source.cpp(168,30): warning C4305: '=': truncation from 'double' to 'float'
C:\Users\vip\source\repos\Project11\Source.cpp(171,28): warning C4305: '=': truncation from 'double' to 'float'
C:\Users\vip\source\repos\Project11\Source.cpp(174,28): warning C4305: '=': truncation from 'double' to 'float'
C:\Users\vip\source\repos\Project11\Source.cpp(192,22): warning C4305: '=': truncation from 'double' to 'float'
C:\Users\vip\source\repos\Project11\Source.cpp(193,23): warning C4305: '=': truncation from 'double' to 'float'
C:\Users\vip\source\repos\Project11\Source.cpp(195,17): warning C4305: '=': truncation from 'double' to 'float'
C:\Users\vip\source\repos\Project11\Source.cpp(254,27): warning C4305: 'argument': truncation from 'double' to 'GLfloat'
C:\Users\vip\source\repos\Project11\Source.cpp(266,30): warning C4305: 'argument': truncation from 'double' to 'GLfloat'
C:\Users\vip\source\repos\Project11\Source.cpp(278,40): warning C4305: 'argument': truncation from 'double' to 'GLfloat'
C:\Users\vip\source\repos\Project11\Source.cpp(284,38): warning C4305: 'argument': truncation from 'double' to 'GLfloat'
C:\Users\vip\source\repos\Project11\Source.cpp(285,36): warning C4305: 'argument': truncation from 'double' to 'GLfloat'
C:\Users\vip\source\repos\Project11\Source.cpp(326,21): warning C4305: '-=': truncation from 'double' to 'GLfloat'
C:\Users\vip\source\repos\Project11\Source.cpp(326,35): warning C4305: '-=': truncation from 'double' to 'GLfloat'
C:\Users\vip\source\repos\Project11\Source.cpp(326,49): warning C4305: '-=': truncation from 'double' to 'GLfloat'
C:\Users\vip\source\repos\Project11\Source.cpp(328,24): warning C4305: '+=': truncation from 'double' to 'GLfloat'
C:\Users\vip\source\repos\Project11\Source.cpp(328,38): warning C4305: '+=': truncation from 'double' to 'GLfloat'
C:\Users\vip\source\repos\Project11\Source.cpp(328,52): warning C4305: '+=': truncation from 'double' to 'GLfloat'
C:\Users\vip\source\repos\Project11\Source.cpp(335,22): warning C4305: '+=': truncation from 'double' to 'float'
  Project11.vcxproj -> C:\Users\vip\source\repos\Project11\Debug\Project11.exe
